<?xml version="1.0" encoding="UTF-8"?>
<testng-results ignored="4" total="7" passed="2" failed="1" skipped="0">
  <reporter-output>
  </reporter-output>
  <suite started-at="2024-02-29T16:05:43 IST" name="Suite" finished-at="2024-02-29T16:10:08 IST" duration-ms="264839">
    <groups>
      <group name="regression">
        <method signature="TC_001_FindDoctors.Find_Doctors()[pri:1, instance:TestCase.TC_001_FindDoctors@1af2d44a]" name="Find_Doctors" class="TestCase.TC_001_FindDoctors"/>
        <method signature="TC_002_Surgeries.NoOfSurgeries()[pri:2, instance:TestCase.TC_002_Surgeries@7c24b813]" name="NoOfSurgeries" class="TestCase.TC_002_Surgeries"/>
        <method signature="TC_003_Wellness.CoporatesAndWellness()[pri:3, instance:TestCase.TC_003_Wellness@2c35e847]" name="CoporatesAndWellness" class="TestCase.TC_003_Wellness"/>
      </group> <!-- regression -->
      <group name="smoke">
        <method signature="TC_001_FindDoctors.Find_Doctors()[pri:1, instance:TestCase.TC_001_FindDoctors@1af2d44a]" name="Find_Doctors" class="TestCase.TC_001_FindDoctors"/>
        <method signature="TC_002_Surgeries.NoOfSurgeries()[pri:2, instance:TestCase.TC_002_Surgeries@7c24b813]" name="NoOfSurgeries" class="TestCase.TC_002_Surgeries"/>
        <method signature="TC_003_Wellness.CoporatesAndWellness()[pri:3, instance:TestCase.TC_003_Wellness@2c35e847]" name="CoporatesAndWellness" class="TestCase.TC_003_Wellness"/>
      </group> <!-- smoke -->
    </groups>
    <test started-at="2024-02-29T16:05:43 IST" name="Test" finished-at="2024-02-29T16:10:08 IST" duration-ms="264839">
      <class name="TestCase.TC_003_Wellness">
        <test-method signature="CoporatesAndWellness()[pri:3, instance:TestCase.TC_003_Wellness@2c35e847]" started-at="2024-02-29T16:08:49 IST" name="CoporatesAndWellness" finished-at="2024-02-29T16:10:07 IST" duration-ms="77902" status="FAIL">
          <exception class="org.openqa.selenium.TimeoutException">
            <message>
              <![CDATA[Expected condition failed: waiting for visibility of element located by By.xpath: //div[text()='THANK YOU'] (tried for 60 second(s) with 500 milliseconds interval)]]>
            </message>
            <full-stacktrace>
              <![CDATA[org.openqa.selenium.TimeoutException: Expected condition failed: waiting for visibility of element located by By.xpath: //div[text()='THANK YOU'] (tried for 60 second(s) with 500 milliseconds interval)
at org.openqa.selenium.support.ui.WebDriverWait.timeoutException(WebDriverWait.java:84)
at org.openqa.selenium.support.ui.FluentWait.until(FluentWait.java:229)
at pom.Wellness.thankyou(Wellness.java:138)
at TestCase.TC_003_Wellness.CoporatesAndWellness(TC_003_Wellness.java:40)
at java.base/jdk.internal.reflect.NativeMethodAccessorImpl.invoke0(Native Method)
at java.base/jdk.internal.reflect.NativeMethodAccessorImpl.invoke(NativeMethodAccessorImpl.java:77)
at java.base/jdk.internal.reflect.DelegatingMethodAccessorImpl.invoke(DelegatingMethodAccessorImpl.java:43)
at java.base/java.lang.reflect.Method.invoke(Method.java:568)
at org.testng.internal.MethodInvocationHelper.invokeMethod(MethodInvocationHelper.java:133)
at org.testng.internal.TestInvoker.invokeMethod(TestInvoker.java:598)
at org.testng.internal.TestInvoker.invokeTestMethod(TestInvoker.java:173)
at org.testng.internal.MethodRunner.runInSequence(MethodRunner.java:46)
at org.testng.internal.TestInvoker$MethodInvocationAgent.invoke(TestInvoker.java:824)
at org.testng.internal.TestInvoker.invokeTestMethods(TestInvoker.java:146)
at org.testng.internal.TestMethodWorker.invokeTestMethods(TestMethodWorker.java:146)
at org.testng.internal.TestMethodWorker.run(TestMethodWorker.java:128)
at java.base/java.util.ArrayList.forEach(ArrayList.java:1511)
at org.testng.TestRunner.privateRun(TestRunner.java:794)
at org.testng.TestRunner.run(TestRunner.java:596)
at org.testng.SuiteRunner.runTest(SuiteRunner.java:377)
at org.testng.SuiteRunner.runSequentially(SuiteRunner.java:371)
at org.testng.SuiteRunner.privateRun(SuiteRunner.java:332)
at org.testng.SuiteRunner.run(SuiteRunner.java:276)
at org.testng.SuiteRunnerWorker.runSuite(SuiteRunnerWorker.java:53)
at org.testng.SuiteRunnerWorker.run(SuiteRunnerWorker.java:96)
at org.testng.TestNG.runSuitesSequentially(TestNG.java:1212)
at org.testng.TestNG.runSuitesLocally(TestNG.java:1134)
at org.testng.TestNG.runSuites(TestNG.java:1063)
at org.testng.TestNG.run(TestNG.java:1031)
at org.testng.remote.AbstractRemoteTestNG.run(AbstractRemoteTestNG.java:115)
at org.testng.remote.RemoteTestNG.initAndRun(RemoteTestNG.java:251)
at org.testng.remote.RemoteTestNG.main(RemoteTestNG.java:77)
Caused by: org.openqa.selenium.NoSuchWindowException: no such window: target window already closed
from unknown error: web view not found
  (Session info: chrome=118.0.5993.71)
Build info: version: '4.15.0', revision: '1d14b5521b'
System info: os.name: 'Windows 11', os.arch: 'amd64', os.version: '10.0', java.version: '17.0.9'
Driver info: org.openqa.selenium.chrome.ChromeDriver
Command: [02c1c9dc49fa34ef6c273a097411d752, findElement {using=xpath, value=//div[text()='THANK YOU']}]
Capabilities {acceptInsecureCerts: false, browserName: chrome, browserVersion: 118.0.5993.71, chrome: {chromedriverVersion: 118.0.5993.70 (e52f33f30b91..., userDataDir: C:\Windows\SystemTemp\scope...}, fedcm:accounts: true, goog:chromeOptions: {debuggerAddress: localhost:60840}, networkConnectionEnabled: false, pageLoadStrategy: normal, platformName: windows, proxy: Proxy(), se:cdp: ws://localhost:60840/devtoo..., se:cdpVersion: 118.0.5993.71, setWindowRect: true, strictFileInteractability: false, timeouts: {implicit: 0, pageLoad: 300000, script: 30000}, unhandledPromptBehavior: dismiss and notify, webauthn:extension:credBlob: true, webauthn:extension:largeBlob: true, webauthn:extension:minPinLength: true, webauthn:extension:prf: true, webauthn:virtualAuthenticators: true}
Session ID: 02c1c9dc49fa34ef6c273a097411d752
at jdk.internal.reflect.GeneratedConstructorAccessor86.newInstance(Unknown Source)
at java.base/jdk.internal.reflect.DelegatingConstructorAccessorImpl.newInstance(DelegatingConstructorAccessorImpl.java:45)
at java.base/java.lang.reflect.Constructor.newInstanceWithCaller(Constructor.java:499)
at java.base/java.lang.reflect.Constructor.newInstance(Constructor.java:480)
at org.openqa.selenium.remote.codec.w3c.W3CHttpResponseCodec.createException(W3CHttpResponseCodec.java:200)
at org.openqa.selenium.remote.codec.w3c.W3CHttpResponseCodec.decode(W3CHttpResponseCodec.java:133)
at org.openqa.selenium.remote.codec.w3c.W3CHttpResponseCodec.decode(W3CHttpResponseCodec.java:52)
at org.openqa.selenium.remote.HttpCommandExecutor.execute(HttpCommandExecutor.java:191)
at org.openqa.selenium.remote.service.DriverCommandExecutor.invokeExecute(DriverCommandExecutor.java:200)
at org.openqa.selenium.remote.service.DriverCommandExecutor.execute(DriverCommandExecutor.java:175)
at org.openqa.selenium.remote.RemoteWebDriver.execute(RemoteWebDriver.java:607)
at org.openqa.selenium.remote.ElementLocation$ElementFinder$2.findElement(ElementLocation.java:165)
at org.openqa.selenium.remote.ElementLocation.findElement(ElementLocation.java:59)
at org.openqa.selenium.remote.RemoteWebDriver.findElement(RemoteWebDriver.java:364)
at org.openqa.selenium.remote.RemoteWebDriver.findElement(RemoteWebDriver.java:358)
at org.openqa.selenium.support.ui.ExpectedConditions$7.apply(ExpectedConditions.java:194)
at org.openqa.selenium.support.ui.ExpectedConditions$7.apply(ExpectedConditions.java:190)
at org.openqa.selenium.support.ui.FluentWait.until(FluentWait.java:204)
... 30 more
]]>
            </full-stacktrace>
          </exception> <!-- org.openqa.selenium.TimeoutException -->
          <reporter-output>
          </reporter-output>
        </test-method> <!-- CoporatesAndWellness -->
      </class> <!-- TestCase.TC_003_Wellness -->
      <class name="TestCase.TC_002_Surgeries">
        <test-method signature="NoOfSurgeries()[pri:2, instance:TestCase.TC_002_Surgeries@7c24b813]" started-at="2024-02-29T16:08:29 IST" name="NoOfSurgeries" finished-at="2024-02-29T16:08:49 IST" duration-ms="19613" status="PASS">
          <reporter-output>
          </reporter-output>
        </test-method> <!-- NoOfSurgeries -->
      </class> <!-- TestCase.TC_002_Surgeries -->
      <class name="TestCase.TC_001_FindDoctors">
        <test-method is-config="true" signature="setup(java.lang.String,java.lang.String)[pri:0, instance:TestCase.TC_001_FindDoctors@1af2d44a]" started-at="2024-02-29T16:05:45 IST" name="setup" finished-at="2024-02-29T16:06:42 IST" duration-ms="57828" status="PASS">
          <params>
            <param index="0">
              <value>
                <![CDATA[windows]]>
              </value>
            </param>
            <param index="1">
              <value>
                <![CDATA[Chrome]]>
              </value>
            </param>
          </params>
          <reporter-output>
          </reporter-output>
        </test-method> <!-- setup -->
        <test-method signature="Find_Doctors()[pri:1, instance:TestCase.TC_001_FindDoctors@1af2d44a]" started-at="2024-02-29T16:06:43 IST" name="Find_Doctors" finished-at="2024-02-29T16:08:28 IST" duration-ms="105836" status="PASS">
          <reporter-output>
          </reporter-output>
        </test-method> <!-- Find_Doctors -->
        <test-method is-config="true" signature="close()[pri:0, instance:TestCase.TC_001_FindDoctors@1af2d44a]" started-at="2024-02-29T16:10:07 IST" name="close" finished-at="2024-02-29T16:10:08 IST" duration-ms="1052" status="PASS">
          <reporter-output>
          </reporter-output>
        </test-method> <!-- close -->
      </class> <!-- TestCase.TC_001_FindDoctors -->
    </test> <!-- Test -->
  </suite> <!-- Suite -->
</testng-results>
